p:\cplusplus\cplusplus\debug\vc141.pdb
p:\cplusplus\cplusplus\debug\vc141.idb
p:\cplusplus\cplusplus\debug\rferandenum.obj
p:\cplusplus\cplusplus\debug\pointerspractice.obj
p:\cplusplus\cplusplus\debug\pointerfunction.obj
p:\cplusplus\cplusplus\debug\overloading.obj
p:\cplusplus\cplusplus\debug\outerfile.obj
p:\cplusplus\cplusplus\debug\basicpractice.obj
p:\cplusplus\cplusplus\debug\functionpractice.obj
p:\cplusplus\cplusplus\debug\characterpointer.obj
p:\cplusplus\cplusplus\debug\cplpl-selfstudy.ilk
p:\cplusplus\cplusplus\debug\cplpl-selfstudy.exe
p:\cplusplus\cplusplus\debug\cplpl-selfstudy.pdb
p:\cplusplus\cplusplus\debug\characterpointer.ilk
p:\cplusplus\cplusplus\debug\datastracture.ilk
p:\cplusplus\cplusplus\debug\functionpointer.ilk
p:\cplusplus\cplusplus\debug\characterpointer.pdb
p:\cplusplus\cplusplus\debug\datastracture.pdb
p:\cplusplus\cplusplus\debug\functionpointer.pdb
p:\cplusplus\cplusplus\debug\cplpl-selfstudy.tlog\cl.command.1.tlog
p:\cplusplus\cplusplus\debug\cplpl-selfstudy.tlog\cl.read.1.tlog
p:\cplusplus\cplusplus\debug\cplpl-selfstudy.tlog\cl.write.1.tlog
p:\cplusplus\cplusplus\debug\cplpl-selfstudy.tlog\link.command.1.tlog
p:\cplusplus\cplusplus\debug\cplpl-selfstudy.tlog\link.read.1.tlog
p:\cplusplus\cplusplus\debug\cplpl-selfstudy.tlog\link.write.1.tlog
