p:\cplusplus\cplusplus\debug\vc141.pdb
p:\cplusplus\cplusplus\debug\vc141.idb
p:\cplusplus\cplusplus\debug\rferandenum.obj
p:\cplusplus\cplusplus\debug\referenceandenum.ilk
p:\cplusplus\cplusplus\debug\referenceandenum.exe
p:\cplusplus\cplusplus\debug\referenceandenum.pdb
p:\cplusplus\cplusplus\debug\basicpractice.obj
p:\cplusplus\cplusplus\debug\characterpointer.obj
p:\cplusplus\cplusplus\debug\functionpractice.obj
p:\cplusplus\cplusplus\debug\outerfile.obj
p:\cplusplus\cplusplus\debug\overloading.obj
p:\cplusplus\cplusplus\debug\pointerfunction.obj
p:\cplusplus\cplusplus\debug\pointerspractice.obj
p:\cplusplus\cplusplus\debug\basicpractice.ilk
p:\cplusplus\cplusplus\debug\characterpointer.ilk
p:\cplusplus\cplusplus\debug\classandstructure.ilk
p:\cplusplus\cplusplus\debug\cplpl-selfstudy.ilk
p:\cplusplus\cplusplus\debug\datastracture.ilk
p:\cplusplus\cplusplus\debug\functionpointer.ilk
p:\cplusplus\cplusplus\debug\functionpractice.ilk
p:\cplusplus\cplusplus\debug\outerfileandpointer.ilk
p:\cplusplus\cplusplus\debug\overloading.ilk
p:\cplusplus\cplusplus\debug\pointerpractice.ilk
p:\cplusplus\cplusplus\debug\basicpractice.pdb
p:\cplusplus\cplusplus\debug\characterpointer.pdb
p:\cplusplus\cplusplus\debug\classandstructure.pdb
p:\cplusplus\cplusplus\debug\cplpl-selfstudy.pdb
p:\cplusplus\cplusplus\debug\datastracture.pdb
p:\cplusplus\cplusplus\debug\functionpointer.pdb
p:\cplusplus\cplusplus\debug\functionpractice.pdb
p:\cplusplus\cplusplus\debug\outerfileandpointer.pdb
p:\cplusplus\cplusplus\debug\overloading.pdb
p:\cplusplus\cplusplus\debug\pointerpractice.pdb
p:\cplusplus\cplusplus\debug\referenceandenum.tlog\cl.command.1.tlog
p:\cplusplus\cplusplus\debug\referenceandenum.tlog\cl.read.1.tlog
p:\cplusplus\cplusplus\debug\referenceandenum.tlog\cl.write.1.tlog
p:\cplusplus\cplusplus\debug\referenceandenum.tlog\link.command.1.tlog
p:\cplusplus\cplusplus\debug\referenceandenum.tlog\link.read.1.tlog
p:\cplusplus\cplusplus\debug\referenceandenum.tlog\link.write.1.tlog
